<?xml version="1.0" encoding="UTF-8"?>
<!-- Generated by org.testng.reporters.JUnitReportReporter -->
<testsuite hostname="Anil" failures="0" tests="1" name="Tests.Login" time="17.371" errors="0" timestamp="19 May 2024 15:24:35 GMT" skipped="0">
  <testcase classname="Tests.Login" name="login" time="17.371"/>
</testsuite> <!-- Tests.Login -->
